Lower bound
tee: lower/hyper_lower_bound_0.01_0.1_1_True.txt: No such file or directory
2022-06-16 13:47:30.491584: I tensorflow/stream_executor/platform/default/dso_loader.cc:53] Successfully opened dynamic library libcudart.so.11.0
/home/dongkyucho/FedSSL/sampling.py:49: RuntimeWarning: More than 20 figures have been opened. Figures created through the pyplot interface (`matplotlib.pyplot.figure`) are retained until explicitly closed and may consume too much memory. (To control this warning, see the rcParam `figure.max_open_warning`).
  plt.figure(client_id)
Experimental details:
    Seed            : 2022
    Dataset         : cifar
    Model           : resnet18
    Pretrained      : False
    Optimizer       : sgd
    Learning rate   : 0.001
    Total Rounds    : 100
    Alpha           : 0.9
    Momentum        : 0.9
    Weight decay    : 0.0001
    Sup Warmup      : True
    Server data frac: 0.01
FL
    Warmup          : False
    Freeze          : True
    Adapt Epochs    : 10
    Warmup Epochs   : 30
    Warmup Batchsize: 512
Federated parameters:
    Number of users                : 100
    Fraction of users              : 0.05
    Number of train items per user : 300
    Local Batch size               : 32
    Local Epochs                   : 10
    Checkpoint path                : checkpoint.pth.tar
    Tensorboard log path           : ./logs/FL/hyper/lower/0.01_0.1_1_True
Files already downloaded and verified
Files already downloaded and verified
Files already downloaded and verified
Linear evaluating FL model
 
Avg Validation Stats after 1 global rounds:
Validation Loss : 2.28
Validation Accuracy: top1/top5 32.81%/53.12%

Linear evaluating FL model
 
Avg Validation Stats after 2 global rounds:
Validation Loss : 2.28
Validation Accuracy: top1/top5 31.25%/53.12%

Linear evaluating FL model
 
Avg Validation Stats after 3 global rounds:
Validation Loss : 2.29
Validation Accuracy: top1/top5 18.75%/48.44%

Linear evaluating FL model
 
Avg Validation Stats after 4 global rounds:
Validation Loss : 2.30
Validation Accuracy: top1/top5 18.75%/45.31%

Linear evaluating FL model
 
Avg Validation Stats after 5 global rounds:
Validation Loss : 2.31
Validation Accuracy: top1/top5 4.69%/43.75%

Linear evaluating FL model
 
Avg Validation Stats after 6 global rounds:
Validation Loss : 2.31
Validation Accuracy: top1/top5 6.25%/43.75%

Linear evaluating FL model
 
Avg Validation Stats after 7 global rounds:
Validation Loss : 2.31
Validation Accuracy: top1/top5 6.25%/29.69%

Linear evaluating FL model
 
Avg Validation Stats after 8 global rounds:
Validation Loss : 2.31
Validation Accuracy: top1/top5 6.25%/42.19%

Linear evaluating FL model
 
Avg Validation Stats after 9 global rounds:
Validation Loss : 2.31
Validation Accuracy: top1/top5 6.25%/42.19%

Linear evaluating FL model
 
Avg Validation Stats after 10 global rounds:
Validation Loss : 2.31
Validation Accuracy: top1/top5 6.25%/42.19%

Linear evaluating FL model
 
Avg Validation Stats after 11 global rounds:
Validation Loss : 2.30
Validation Accuracy: top1/top5 6.25%/43.75%

Linear evaluating FL model
 
Avg Validation Stats after 12 global rounds:
Validation Loss : 2.30
Validation Accuracy: top1/top5 4.69%/45.31%

Linear evaluating FL model
 
Avg Validation Stats after 13 global rounds:
Validation Loss : 2.29
Validation Accuracy: top1/top5 4.69%/51.56%

Linear evaluating FL model
 
Avg Validation Stats after 14 global rounds:
Validation Loss : 2.29
Validation Accuracy: top1/top5 7.81%/50.00%

Linear evaluating FL model
 
Avg Validation Stats after 15 global rounds:
Validation Loss : 2.28
Validation Accuracy: top1/top5 20.31%/50.00%

Linear evaluating FL model
 
Avg Validation Stats after 16 global rounds:
Validation Loss : 2.28
Validation Accuracy: top1/top5 20.31%/50.00%

Linear evaluating FL model
 
Avg Validation Stats after 17 global rounds:
Validation Loss : 2.27
Validation Accuracy: top1/top5 20.31%/50.00%

Linear evaluating FL model
 
Avg Validation Stats after 18 global rounds:
Validation Loss : 2.27
Validation Accuracy: top1/top5 20.31%/50.00%

Linear evaluating FL model
 
Avg Validation Stats after 19 global rounds:
Validation Loss : 2.27
Validation Accuracy: top1/top5 20.31%/50.00%

Linear evaluating FL model
 
Avg Validation Stats after 20 global rounds:
Validation Loss : 2.27
Validation Accuracy: top1/top5 18.75%/50.00%

Linear evaluating FL model
 
Avg Validation Stats after 21 global rounds:
Validation Loss : 2.27
Validation Accuracy: top1/top5 18.75%/50.00%

Linear evaluating FL model
 
Avg Validation Stats after 22 global rounds:
Validation Loss : 2.27
Validation Accuracy: top1/top5 18.75%/50.00%

Linear evaluating FL model
 
Avg Validation Stats after 23 global rounds:
Validation Loss : 2.27
Validation Accuracy: top1/top5 18.75%/50.00%

Linear evaluating FL model
 
Avg Validation Stats after 24 global rounds:
Validation Loss : 2.27
Validation Accuracy: top1/top5 6.25%/48.44%

Linear evaluating FL model
 
Avg Validation Stats after 25 global rounds:
Validation Loss : 2.28
Validation Accuracy: top1/top5 4.69%/48.44%

Linear evaluating FL model
 
Avg Validation Stats after 26 global rounds:
Validation Loss : 2.28
Validation Accuracy: top1/top5 4.69%/48.44%

Linear evaluating FL model
 
Avg Validation Stats after 27 global rounds:
Validation Loss : 2.28
Validation Accuracy: top1/top5 4.69%/48.44%

Linear evaluating FL model
 
Avg Validation Stats after 28 global rounds:
Validation Loss : 2.28
Validation Accuracy: top1/top5 4.69%/50.00%

Linear evaluating FL model
 
Avg Validation Stats after 29 global rounds:
Validation Loss : 2.28
Validation Accuracy: top1/top5 6.25%/50.00%

Linear evaluating FL model
 
Avg Validation Stats after 30 global rounds:
Validation Loss : 2.28
Validation Accuracy: top1/top5 6.25%/50.00%

Linear evaluating FL model
 
Avg Validation Stats after 31 global rounds:
Validation Loss : 2.28
Validation Accuracy: top1/top5 7.81%/50.00%

Linear evaluating FL model
 
Avg Validation Stats after 32 global rounds:
Validation Loss : 2.28
Validation Accuracy: top1/top5 7.81%/50.00%

Linear evaluating FL model
 
Avg Validation Stats after 33 global rounds:
Validation Loss : 2.28
Validation Accuracy: top1/top5 7.81%/50.00%

Linear evaluating FL model
 
Avg Validation Stats after 34 global rounds:
Validation Loss : 2.29
Validation Accuracy: top1/top5 7.81%/51.56%

Linear evaluating FL model
 
Avg Validation Stats after 35 global rounds:
Validation Loss : 2.29
Validation Accuracy: top1/top5 7.81%/51.56%

Linear evaluating FL model
 
Avg Validation Stats after 36 global rounds:
Validation Loss : 2.29
Validation Accuracy: top1/top5 7.81%/51.56%

Linear evaluating FL model
 
Avg Validation Stats after 37 global rounds:
Validation Loss : 2.29
Validation Accuracy: top1/top5 7.81%/51.56%

Linear evaluating FL model
 
Avg Validation Stats after 38 global rounds:
Validation Loss : 2.29
Validation Accuracy: top1/top5 7.81%/51.56%

Linear evaluating FL model
 
Avg Validation Stats after 39 global rounds:
Validation Loss : 2.29
Validation Accuracy: top1/top5 7.81%/51.56%

Linear evaluating FL model
 
Avg Validation Stats after 40 global rounds:
Validation Loss : 2.30
Validation Accuracy: top1/top5 7.81%/51.56%

Linear evaluating FL model
 
Avg Validation Stats after 41 global rounds:
Validation Loss : 2.30
Validation Accuracy: top1/top5 7.81%/51.56%

Linear evaluating FL model
 
Avg Validation Stats after 42 global rounds:
Validation Loss : 2.30
Validation Accuracy: top1/top5 6.25%/53.12%

Linear evaluating FL model
 
Avg Validation Stats after 43 global rounds:
Validation Loss : 2.30
Validation Accuracy: top1/top5 6.25%/53.12%

Linear evaluating FL model
 
Avg Validation Stats after 44 global rounds:
Validation Loss : 2.30
Validation Accuracy: top1/top5 6.25%/53.12%

Linear evaluating FL model
 
Avg Validation Stats after 45 global rounds:
Validation Loss : 2.30
Validation Accuracy: top1/top5 6.25%/53.12%

Linear evaluating FL model
 
Avg Validation Stats after 46 global rounds:
Validation Loss : 2.30
Validation Accuracy: top1/top5 6.25%/53.12%

Linear evaluating FL model
 
Avg Validation Stats after 47 global rounds:
Validation Loss : 2.30
Validation Accuracy: top1/top5 7.81%/53.12%

Linear evaluating FL model
 
Avg Validation Stats after 48 global rounds:
Validation Loss : 2.31
Validation Accuracy: top1/top5 7.81%/53.12%

Linear evaluating FL model
 
Avg Validation Stats after 49 global rounds:
Validation Loss : 2.31
Validation Accuracy: top1/top5 7.81%/53.12%

Linear evaluating FL model
 
Avg Validation Stats after 50 global rounds:
Validation Loss : 2.31
Validation Accuracy: top1/top5 7.81%/53.12%

Linear evaluating FL model
 
Avg Validation Stats after 51 global rounds:
Validation Loss : 2.31
Validation Accuracy: top1/top5 7.81%/53.12%

Linear evaluating FL model
 
Avg Validation Stats after 52 global rounds:
Validation Loss : 2.31
Validation Accuracy: top1/top5 7.81%/53.12%

Linear evaluating FL model
 
Avg Validation Stats after 53 global rounds:
Validation Loss : 2.31
Validation Accuracy: top1/top5 7.81%/53.12%

Linear evaluating FL model
 
Avg Validation Stats after 54 global rounds:
Validation Loss : 2.31
Validation Accuracy: top1/top5 7.81%/53.12%

Linear evaluating FL model
 
Avg Validation Stats after 55 global rounds:
Validation Loss : 2.32
Validation Accuracy: top1/top5 7.81%/53.12%

Linear evaluating FL model
 
Avg Validation Stats after 56 global rounds:
Validation Loss : 2.32
Validation Accuracy: top1/top5 9.38%/53.12%

Linear evaluating FL model
 
Avg Validation Stats after 57 global rounds:
Validation Loss : 2.32
Validation Accuracy: top1/top5 9.38%/53.12%

Linear evaluating FL model
 
Avg Validation Stats after 58 global rounds:
Validation Loss : 2.32
Validation Accuracy: top1/top5 9.38%/53.12%

Linear evaluating FL model
 
Avg Validation Stats after 59 global rounds:
Validation Loss : 2.32
Validation Accuracy: top1/top5 9.38%/51.56%

Linear evaluating FL model
 
Avg Validation Stats after 60 global rounds:
Validation Loss : 2.32
Validation Accuracy: top1/top5 9.38%/51.56%

Linear evaluating FL model
 
Avg Validation Stats after 61 global rounds:
Validation Loss : 2.32
Validation Accuracy: top1/top5 9.38%/51.56%

Linear evaluating FL model
 
Avg Validation Stats after 62 global rounds:
Validation Loss : 2.32
Validation Accuracy: top1/top5 9.38%/51.56%

Linear evaluating FL model
 
Avg Validation Stats after 63 global rounds:
Validation Loss : 2.32
Validation Accuracy: top1/top5 9.38%/51.56%

Linear evaluating FL model
 
Avg Validation Stats after 64 global rounds:
Validation Loss : 2.32
Validation Accuracy: top1/top5 9.38%/51.56%

Linear evaluating FL model
 
Avg Validation Stats after 65 global rounds:
Validation Loss : 2.33
Validation Accuracy: top1/top5 9.38%/51.56%

Linear evaluating FL model
 
Avg Validation Stats after 66 global rounds:
Validation Loss : 2.33
Validation Accuracy: top1/top5 9.38%/51.56%

Linear evaluating FL model
 
Avg Validation Stats after 67 global rounds:
Validation Loss : 2.33
Validation Accuracy: top1/top5 9.38%/51.56%

Linear evaluating FL model
 
Avg Validation Stats after 68 global rounds:
Validation Loss : 2.33
Validation Accuracy: top1/top5 9.38%/51.56%

Linear evaluating FL model
 
Avg Validation Stats after 69 global rounds:
Validation Loss : 2.33
Validation Accuracy: top1/top5 9.38%/51.56%

Linear evaluating FL model
 
Avg Validation Stats after 70 global rounds:
Validation Loss : 2.33
Validation Accuracy: top1/top5 10.94%/51.56%

Linear evaluating FL model
 
Avg Validation Stats after 71 global rounds:
Validation Loss : 2.33
Validation Accuracy: top1/top5 10.94%/51.56%

Linear evaluating FL model
 
Avg Validation Stats after 72 global rounds:
Validation Loss : 2.33
Validation Accuracy: top1/top5 10.94%/51.56%

Linear evaluating FL model
 
Avg Validation Stats after 73 global rounds:
Validation Loss : 2.33
Validation Accuracy: top1/top5 10.94%/51.56%

Linear evaluating FL model
 
Avg Validation Stats after 74 global rounds:
Validation Loss : 2.33
Validation Accuracy: top1/top5 10.94%/51.56%

Linear evaluating FL model
 
Avg Validation Stats after 75 global rounds:
Validation Loss : 2.33
Validation Accuracy: top1/top5 10.94%/51.56%

Linear evaluating FL model
 
Avg Validation Stats after 76 global rounds:
Validation Loss : 2.33
Validation Accuracy: top1/top5 10.94%/51.56%

Linear evaluating FL model
 
Avg Validation Stats after 77 global rounds:
Validation Loss : 2.33
Validation Accuracy: top1/top5 10.94%/51.56%

Linear evaluating FL model
 
Avg Validation Stats after 78 global rounds:
Validation Loss : 2.33
Validation Accuracy: top1/top5 10.94%/53.12%

Linear evaluating FL model
 
Avg Validation Stats after 79 global rounds:
Validation Loss : 2.33
Validation Accuracy: top1/top5 10.94%/53.12%

Linear evaluating FL model
 
Avg Validation Stats after 80 global rounds:
Validation Loss : 2.33
Validation Accuracy: top1/top5 10.94%/53.12%

Linear evaluating FL model
 
Avg Validation Stats after 81 global rounds:
Validation Loss : 2.34
Validation Accuracy: top1/top5 10.94%/53.12%

Linear evaluating FL model
 
Avg Validation Stats after 82 global rounds:
Validation Loss : 2.34
Validation Accuracy: top1/top5 10.94%/53.12%

Linear evaluating FL model
 
Avg Validation Stats after 83 global rounds:
Validation Loss : 2.34
Validation Accuracy: top1/top5 10.94%/53.12%

Linear evaluating FL model
 
Avg Validation Stats after 84 global rounds:
Validation Loss : 2.34
Validation Accuracy: top1/top5 10.94%/53.12%

Linear evaluating FL model
 
Avg Validation Stats after 85 global rounds:
Validation Loss : 2.34
Validation Accuracy: top1/top5 10.94%/53.12%

Linear evaluating FL model
 
Avg Validation Stats after 86 global rounds:
Validation Loss : 2.34
Validation Accuracy: top1/top5 10.94%/53.12%

Linear evaluating FL model
 
Avg Validation Stats after 87 global rounds:
Validation Loss : 2.34
Validation Accuracy: top1/top5 10.94%/53.12%

Linear evaluating FL model
 
Avg Validation Stats after 88 global rounds:
Validation Loss : 2.34
Validation Accuracy: top1/top5 10.94%/51.56%

Linear evaluating FL model
 
Avg Validation Stats after 89 global rounds:
Validation Loss : 2.34
Validation Accuracy: top1/top5 10.94%/51.56%

Linear evaluating FL model
 
Avg Validation Stats after 90 global rounds:
Validation Loss : 2.34
Validation Accuracy: top1/top5 10.94%/51.56%

Linear evaluating FL model
 
Avg Validation Stats after 91 global rounds:
Validation Loss : 2.34
Validation Accuracy: top1/top5 10.94%/51.56%

Linear evaluating FL model
 
Avg Validation Stats after 92 global rounds:
Validation Loss : 2.34
Validation Accuracy: top1/top5 10.94%/51.56%

Linear evaluating FL model
 
Avg Validation Stats after 93 global rounds:
Validation Loss : 2.34
Validation Accuracy: top1/top5 10.94%/51.56%

Linear evaluating FL model
 
Avg Validation Stats after 94 global rounds:
Validation Loss : 2.34
Validation Accuracy: top1/top5 10.94%/51.56%

Linear evaluating FL model
 
Avg Validation Stats after 95 global rounds:
Validation Loss : 2.34
Validation Accuracy: top1/top5 9.38%/51.56%

Linear evaluating FL model
 
Avg Validation Stats after 96 global rounds:
Validation Loss : 2.34
Validation Accuracy: top1/top5 10.94%/51.56%

Linear evaluating FL model
 
Avg Validation Stats after 97 global rounds:
Validation Loss : 2.34
Validation Accuracy: top1/top5 9.38%/51.56%

Linear evaluating FL model
 
Avg Validation Stats after 98 global rounds:
Validation Loss : 2.34
Validation Accuracy: top1/top5 9.38%/51.56%

Linear evaluating FL model
 
Avg Validation Stats after 99 global rounds:
Validation Loss : 2.34
Validation Accuracy: top1/top5 9.38%/51.56%

Linear evaluating FL model
 
Avg Validation Stats after 100 global rounds:
Validation Loss : 2.34
Validation Accuracy: top1/top5 9.38%/50.00%

Upper bound IID
tee: upper/hyper_upper_bound_0.01_iid_0.1_1_True.txt: No such file or directory
2022-06-16 13:48:41.345952: I tensorflow/stream_executor/platform/default/dso_loader.cc:53] Successfully opened dynamic library libcudart.so.11.0
/home/dongkyucho/FedSSL/sampling.py:49: RuntimeWarning: More than 20 figures have been opened. Figures created through the pyplot interface (`matplotlib.pyplot.figure`) are retained until explicitly closed and may consume too much memory. (To control this warning, see the rcParam `figure.max_open_warning`).
  plt.figure(client_id)
Experimental details:
    Seed            : 2022
    Dataset         : cifar
    Model           : resnet18
    Pretrained      : False
    Optimizer       : sgd
    Learning rate   : 0.001
    Total Rounds    : 100
    Alpha           : 50000.0
    Momentum        : 0.9
    Weight decay    : 0.0001
    Sup Warmup      : True
    Server data frac: 0.01
FL
    Warmup          : False
    Freeze          : True
    Adapt Epochs    : 10
    Warmup Epochs   : 30
    Warmup Batchsize: 512
Federated parameters:
    Number of users                : 100
    Fraction of users              : 0.05
    Number of train items per user : 300
    Local Batch size               : 32
    Local Epochs                   : 10
    Checkpoint path                : checkpoint.pth.tar
    Tensorboard log path           : ./logs/FL/hyper/upper/0.01_iid_0.1_1_True
Files already downloaded and verified
Files already downloaded and verified
Files already downloaded and verified

 | Global Training Round : 1 |

Client 0 Epoch [1/10]: train loss : 2.31
Client 0 Epoch [2/10]: train loss : 2.30
Client 0 Epoch [3/10]: train loss : 2.30
Client 0 Epoch [4/10]: train loss : 2.31
Client 0 Epoch [5/10]: train loss : 2.30
Linear evaluating FL model
Client 0 Epoch [5/10]:
                          learning rate : 0.001000
                          test acc/top1 : 29.69%
                          test acc/top5 : 62.50%
                          test loss : 2.26
                          time taken : 6.24 
Client 0 Epoch [6/10]: train loss : 2.30
Client 0 Epoch [7/10]: train loss : 2.29
Client 0 Epoch [8/10]: train loss : 2.30
Client 0 Epoch [9/10]: train loss : 2.30
Client 0 Epoch [10/10]: train loss : 2.30
Linear evaluating FL model
Client 0 Epoch [10/10]:
                          learning rate : 0.001000
                          test acc/top1 : 17.19%
                          test acc/top5 : 57.81%
                          test loss : 2.28
                          time taken : 2.81 
Training complete best top1/top5: 17.19%/57.81%
client 0 updated
Client 1 Epoch [1/10]: train loss : 2.30
Client 1 Epoch [2/10]: train loss : 2.30
Client 1 Epoch [3/10]: train loss : 2.30
Client 1 Epoch [4/10]: train loss : 2.31
Client 1 Epoch [5/10]: train loss : 2.30
Linear evaluating FL model
Client 1 Epoch [5/10]:
                          learning rate : 0.001000
                          test acc/top1 : 3.12%
                          test acc/top5 : 64.06%
                          test loss : 2.30
                          time taken : 2.89 
Client 1 Epoch [6/10]: train loss : 2.30
Client 1 Epoch [7/10]: train loss : 2.30
Client 1 Epoch [8/10]: train loss : 2.30
Client 1 Epoch [9/10]: train loss : 2.29
Client 1 Epoch [10/10]: train loss : 2.29
Linear evaluating FL model
Client 1 Epoch [10/10]:
                          learning rate : 0.001000
                          test acc/top1 : 15.62%
                          test acc/top5 : 59.38%
                          test loss : 2.31
                          time taken : 2.84 
Training complete best top1/top5: 15.62%/59.38%
client 1 updated
Client 2 Epoch [1/10]: train loss : 2.31
Client 2 Epoch [2/10]: train loss : 2.31
Client 2 Epoch [3/10]: train loss : 2.30
Client 2 Epoch [4/10]: train loss : 2.30
Client 2 Epoch [5/10]: train loss : 2.30
Linear evaluating FL model
Client 2 Epoch [5/10]:
                          learning rate : 0.001000
                          test acc/top1 : 15.62%
                          test acc/top5 : 62.50%
                          test loss : 2.29
                          time taken : 2.96 
Client 2 Epoch [6/10]: train loss : 2.30
Client 2 Epoch [7/10]: train loss : 2.30
Client 2 Epoch [8/10]: train loss : 2.30
Client 2 Epoch [9/10]: train loss : 2.30
Client 2 Epoch [10/10]: train loss : 2.29
Linear evaluating FL model
Client 2 Epoch [10/10]:
                          learning rate : 0.001000
                          test acc/top1 : 3.12%
                          test acc/top5 : 65.62%
                          test loss : 2.30
                          time taken : 2.88 
Training complete best top1/top5: 3.12%/65.62%
client 2 updated
Client 3 Epoch [1/10]: train loss : 2.30
Client 3 Epoch [2/10]: train loss : 2.30
Client 3 Epoch [3/10]: train loss : 2.31
Client 3 Epoch [4/10]: train loss : 2.30
Client 3 Epoch [5/10]: train loss : 2.31
Linear evaluating FL model
Client 3 Epoch [5/10]:
                          learning rate : 0.001000
                          test acc/top1 : 17.19%
                          test acc/top5 : 43.75%
                          test loss : 2.31
                          time taken : 2.87 
Client 3 Epoch [6/10]: train loss : 2.31
Client 3 Epoch [7/10]: train loss : 2.30
Client 3 Epoch [8/10]: train loss : 2.30
Client 3 Epoch [9/10]: train loss : 2.30
Client 3 Epoch [10/10]: train loss : 2.30
Linear evaluating FL model
Client 3 Epoch [10/10]:
                          learning rate : 0.001000
                          test acc/top1 : 15.62%
                          test acc/top5 : 59.38%
                          test loss : 2.30
                          time taken : 2.89 
Training complete best top1/top5: 15.62%/59.38%
client 3 updated
Client 4 Epoch [1/10]: train loss : 2.30
Client 4 Epoch [2/10]: train loss : 2.30
Client 4 Epoch [3/10]: train loss : 2.30
Client 4 Epoch [4/10]: train loss : 2.30
Client 4 Epoch [5/10]: train loss : 2.30
Linear evaluating FL model
Client 4 Epoch [5/10]:
                          learning rate : 0.001000
                          test acc/top1 : 1.56%
                          test acc/top5 : 59.38%
                          test loss : 2.32
                          time taken : 2.96 
Client 4 Epoch [6/10]: train loss : 2.30
Client 4 Epoch [7/10]: train loss : 2.29
Client 4 Epoch [8/10]: train loss : 2.29
Client 4 Epoch [9/10]: train loss : 2.30
Client 4 Epoch [10/10]: train loss : 2.30
Linear evaluating FL model
Client 4 Epoch [10/10]:
                          learning rate : 0.001000
                          test acc/top1 : 26.56%
                          test acc/top5 : 50.00%
                          test loss : 2.27
                          time taken : 2.85 
Training complete best top1/top5: 26.56%/50.00%
client 4 updated
missing keys []
unexp keys []
Linear evaluating FL model
missing keys []
unexp keys []
 
Avg Validation Stats after 1 global rounds:
Validation Loss : 2.27
Validation Accuracy: top1/top5 20.31%/64.06%


 | Global Training Round : 2 |

Client 0 Epoch [1/10]: train loss : 2.30
Client 0 Epoch [2/10]: train loss : 2.30
Client 0 Epoch [3/10]: train loss : 2.30
Client 0 Epoch [4/10]: train loss : 2.30
Client 0 Epoch [5/10]: train loss : 2.30
Linear evaluating FL model
Client 0 Epoch [5/10]:
                          learning rate : 0.001000
                          test acc/top1 : 29.69%
                          test acc/top5 : 62.50%
                          test loss : 2.25
                          time taken : 2.83 
Client 0 Epoch [6/10]: train loss : 2.30
Client 0 Epoch [7/10]: train loss : 2.29
Client 0 Epoch [8/10]: train loss : 2.30
Client 0 Epoch [9/10]: train loss : 2.31
Client 0 Epoch [10/10]: train loss : 2.29
Linear evaluating FL model
Client 0 Epoch [10/10]:
                          learning rate : 0.001000
                          test acc/top1 : 31.25%
                          test acc/top5 : 50.00%
                          test loss : 2.27
                          time taken : 2.86 
Training complete best top1/top5: 31.25%/50.00%
client 0 updated
Client 1 Epoch [1/10]: train loss : 2.30
Client 1 Epoch [2/10]: train loss : 2.30
Client 1 Epoch [3/10]: train loss : 2.30
Client 1 Epoch [4/10]: train loss : 2.30
Client 1 Epoch [5/10]: train loss : 2.30
Linear evaluating FL model
Client 1 Epoch [5/10]:
                          learning rate : 0.001000
                          test acc/top1 : 18.75%
                          test acc/top5 : 64.06%
                          test loss : 2.26
                          time taken : 2.86 
Client 1 Epoch [6/10]: train loss : 2.30
Client 1 Epoch [7/10]: train loss : 2.30
Client 1 Epoch [8/10]: train loss : 2.29
Client 1 Epoch [9/10]: train loss : 2.29
Client 1 Epoch [10/10]: train loss : 2.30
Linear evaluating FL model
Client 1 Epoch [10/10]:
                          learning rate : 0.001000
                          test acc/top1 : 17.19%
                          test acc/top5 : 62.50%
                          test loss : 2.26
                          time taken : 2.90 
Training complete best top1/top5: 17.19%/62.50%
client 1 updated
Client 2 Epoch [1/10]: train loss : 2.29
Client 2 Epoch [2/10]: train loss : 2.30
Client 2 Epoch [3/10]: train loss : 2.30
Client 2 Epoch [4/10]: train loss : 2.30
Client 2 Epoch [5/10]: train loss : 2.29
Linear evaluating FL model
Client 2 Epoch [5/10]:
                          learning rate : 0.001000
                          test acc/top1 : 31.25%
                          test acc/top5 : 51.56%
                          test loss : 2.28
                          time taken : 2.90 
Client 2 Epoch [6/10]: train loss : 2.29
Client 2 Epoch [7/10]: train loss : 2.29
Client 2 Epoch [8/10]: train loss : 2.29
Client 2 Epoch [9/10]: train loss : 2.29
Client 2 Epoch [10/10]: train loss : 2.29
Linear evaluating FL model
Client 2 Epoch [10/10]:
                          learning rate : 0.001000
                          test acc/top1 : 20.31%
                          test acc/top5 : 50.00%
                          test loss : 2.29
                          time taken : 2.87 
Training complete best top1/top5: 20.31%/50.00%
client 2 updated
Client 3 Epoch [1/10]: train loss : 2.30
Client 3 Epoch [2/10]: train loss : 2.29
Client 3 Epoch [3/10]: train loss : 2.29
Client 3 Epoch [4/10]: train loss : 2.29
Client 3 Epoch [5/10]: train loss : 2.29
Linear evaluating FL model
Client 3 Epoch [5/10]:
                          learning rate : 0.001000
                          test acc/top1 : 18.75%
                          test acc/top5 : 46.88%
                          test loss : 2.28
                          time taken : 2.87 
Client 3 Epoch [6/10]: train loss : 2.29
Client 3 Epoch [7/10]: train loss : 2.30
Client 3 Epoch [8/10]: train loss : 2.28
Client 3 Epoch [9/10]: train loss : 2.28
Client 3 Epoch [10/10]: train loss : 2.29
Linear evaluating FL model
Client 3 Epoch [10/10]:
                          learning rate : 0.001000
                          test acc/top1 : 32.81%
                          test acc/top5 : 64.06%
                          test loss : 2.28
                          time taken : 2.83 
Training complete best top1/top5: 32.81%/64.06%
client 3 updated
Client 4 Epoch [1/10]: train loss : 2.30
Client 4 Epoch [2/10]: train loss : 2.30
Client 4 Epoch [3/10]: train loss : 2.30
Client 4 Epoch [4/10]: train loss : 2.30
Client 4 Epoch [5/10]: train loss : 2.30
Linear evaluating FL model
Client 4 Epoch [5/10]:
                          learning rate : 0.001000
                          test acc/top1 : 29.69%
                          test acc/top5 : 45.31%
                          test loss : 2.26
                          time taken : 2.82 
Client 4 Epoch [6/10]: train loss : 2.29
Client 4 Epoch [7/10]: train loss : 2.30
Client 4 Epoch [8/10]: train loss : 2.29
Client 4 Epoch [9/10]: train loss : 2.29
Client 4 Epoch [10/10]: train loss : 2.29
Linear evaluating FL model
Client 4 Epoch [10/10]:
                          learning rate : 0.001000
                          test acc/top1 : 31.25%
                          test acc/top5 : 46.88%
                          test loss : 2.27
                          time taken : 2.80 
Training complete best top1/top5: 31.25%/46.88%
client 4 updated
missing keys []
unexp keys []
Linear evaluating FL model
missing keys []
unexp keys []
 
Avg Validation Stats after 2 global rounds:
Validation Loss : 2.25
Validation Accuracy: top1/top5 31.25%/60.94%


 | Global Training Round : 3 |

Client 0 Epoch [1/10]: train loss : 2.30
Client 0 Epoch [2/10]: train loss : 2.29
Client 0 Epoch [3/10]: train loss : 2.30
Client 0 Epoch [4/10]: train loss : 2.29
Client 0 Epoch [5/10]: train loss : 2.29
Linear evaluating FL model
Client 0 Epoch [5/10]:
                          learning rate : 0.001000
                          test acc/top1 : 18.75%
                          test acc/top5 : 65.62%
                          test loss : 2.26
                          time taken : 2.92 
Client 0 Epoch [6/10]: train loss : 2.30
Client 0 Epoch [7/10]: train loss : 2.29
Client 0 Epoch [8/10]: train loss : 2.29
Client 0 Epoch [9/10]: train loss : 2.30
Client 0 Epoch [10/10]: train loss : 2.29
Linear evaluating FL model
Client 0 Epoch [10/10]:
                          learning rate : 0.001000
                          test acc/top1 : 31.25%
                          test acc/top5 : 53.12%
                          test loss : 2.25
                          time taken : 2.88 
Training complete best top1/top5: 31.25%/53.12%
client 0 updated
Client 1 Epoch [1/10]: train loss : 2.29
Client 1 Epoch [2/10]: train loss : 2.29
Client 1 Epoch [3/10]: train loss : 2.30
Client 1 Epoch [4/10]: train loss : 2.29
Client 1 Epoch [5/10]: train loss : 2.29
Linear evaluating FL model
Client 1 Epoch [5/10]:
                          learning rate : 0.001000
                          test acc/top1 : 17.19%
                          test acc/top5 : 64.06%
                          test loss : 2.26
                          time taken : 2.82 
Client 1 Epoch [6/10]: train loss : 2.28
Client 1 Epoch [7/10]: train loss : 2.29
Client 1 Epoch [8/10]: train loss : 2.29
Client 1 Epoch [9/10]: train loss : 2.28
Client 1 Epoch [10/10]: train loss : 2.29
Linear evaluating FL model
Client 1 Epoch [10/10]:
                          learning rate : 0.001000
                          test acc/top1 : 4.69%
                          test acc/top5 : 67.19%
                          test loss : 2.28
                          time taken : 2.89 
Training complete best top1/top5: 4.69%/67.19%
client 1 updated
Client 2 Epoch [1/10]: train loss : 2.30
Client 2 Epoch [2/10]: train loss : 2.28
Client 2 Epoch [3/10]: train loss : 2.30
Client 2 Epoch [4/10]: train loss : 2.28
Client 2 Epoch [5/10]: train loss : 2.30
Linear evaluating FL model
Client 2 Epoch [5/10]:
                          learning rate : 0.001000
                          test acc/top1 : 18.75%
                          test acc/top5 : 46.88%
                          test loss : 2.26
                          time taken : 2.90 
Client 2 Epoch [6/10]: train loss : 2.30
Client 2 Epoch [7/10]: train loss : 2.30
Client 2 Epoch [8/10]: train loss : 2.31
Client 2 Epoch [9/10]: train loss : 2.30
Client 2 Epoch [10/10]: train loss : 2.30
Linear evaluating FL model
Client 2 Epoch [10/10]:
                          learning rate : 0.001000
                          test acc/top1 : 31.25%
                          test acc/top5 : 48.44%
                          test loss : 2.27
                          time taken : 2.95 
Training complete best top1/top5: 31.25%/48.44%
client 2 updated
Client 3 Epoch [1/10]: train loss : 2.30
Client 3 Epoch [2/10]: train loss : 2.30
Client 3 Epoch [3/10]: train loss : 2.29
Client 3 Epoch [4/10]: train loss : 2.31
Client 3 Epoch [5/10]: train loss : 2.30
Linear evaluating FL model
Client 3 Epoch [5/10]:
                          learning rate : 0.001000
                          test acc/top1 : 17.19%
                          test acc/top5 : 48.44%
                          test loss : 2.27
                          time taken : 2.91 
Client 3 Epoch [6/10]: train loss : 2.30
Client 3 Epoch [7/10]: train loss : 2.30
Client 3 Epoch [8/10]: train loss : 2.30
Client 3 Epoch [9/10]: train loss : 2.30
Client 3 Epoch [10/10]: train loss : 2.29
Linear evaluating FL model
Client 3 Epoch [10/10]:
                          learning rate : 0.001000
                          test acc/top1 : 15.62%
                          test acc/top5 : 53.12%
                          test loss : 2.27
                          time taken : 2.88 
Training complete best top1/top5: 15.62%/53.12%
client 3 updated
Client 4 Epoch [1/10]: train loss : 2.30
Client 4 Epoch [2/10]: train loss : 2.30
Client 4 Epoch [3/10]: train loss : 2.30
Client 4 Epoch [4/10]: train loss : 2.28
Client 4 Epoch [5/10]: train loss : 2.29
Linear evaluating FL model
Client 4 Epoch [5/10]:
                          learning rate : 0.001000
                          test acc/top1 : 17.19%
                          test acc/top5 : 64.06%
                          test loss : 2.26
                          time taken : 2.87 
Client 4 Epoch [6/10]: train loss : 2.29
Client 4 Epoch [7/10]: train loss : 2.29
Client 4 Epoch [8/10]: train loss : 2.28
Client 4 Epoch [9/10]: train loss : 2.29
Client 4 Epoch [10/10]: train loss : 2.29
Linear evaluating FL model
Client 4 Epoch [10/10]:
                          learning rate : 0.001000
                          test acc/top1 : 28.12%
                          test acc/top5 : 53.12%
                          test loss : 2.25
                          time taken : 2.90 
Training complete best top1/top5: 28.12%/53.12%
client 4 updated
missing keys []
unexp keys []
Linear evaluating FL model
missing keys []
unexp keys []
 
Avg Validation Stats after 3 global rounds:
Validation Loss : 2.27
Validation Accuracy: top1/top5 28.12%/54.69%


 | Global Training Round : 4 |

Client 0 Epoch [1/10]: train loss : 2.28
Client 0 Epoch [2/10]: train loss : 2.27
Client 0 Epoch [3/10]: train loss : 2.28
Client 0 Epoch [4/10]: train loss : 2.28
Client 0 Epoch [5/10]: train loss : 2.28
Linear evaluating FL model
Client 0 Epoch [5/10]:
                          learning rate : 0.001000
                          test acc/top1 : 17.19%
                          test acc/top5 : 53.12%
                          test loss : 2.25
                          time taken : 2.84 
Client 0 Epoch [6/10]: train loss : 2.28
Client 0 Epoch [7/10]: train loss : 2.28
Client 0 Epoch [8/10]: train loss : 2.29
Client 0 Epoch [9/10]: train loss : 2.26
Client 0 Epoch [10/10]: train loss : 2.27
Linear evaluating FL model
Client 0 Epoch [10/10]:
                          learning rate : 0.001000
                          test acc/top1 : 17.19%
                          test acc/top5 : 65.62%
                          test loss : 2.26
                          time taken : 2.97 
Training complete best top1/top5: 17.19%/65.62%
client 0 updated
Client 1 Epoch [1/10]: train loss : 2.30
Client 1 Epoch [2/10]: train loss : 2.30
Client 1 Epoch [3/10]: train loss : 2.30
Client 1 Epoch [4/10]: train loss : 2.29
Client 1 Epoch [5/10]: train loss : 2.29
Linear evaluating FL model
Client 1 Epoch [5/10]:
                          learning rate : 0.001000
                          test acc/top1 : 15.62%
                          test acc/top5 : 54.69%
                          test loss : 2.27
                          time taken : 2.87 
Client 1 Epoch [6/10]: train loss : 2.30
Client 1 Epoch [7/10]: train loss : 2.29
Client 1 Epoch [8/10]: train loss : 2.29
Client 1 Epoch [9/10]: train loss : 2.29
Client 1 Epoch [10/10]: train loss : 2.29
Linear evaluating FL model
Client 1 Epoch [10/10]:
                          learning rate : 0.001000
                          test acc/top1 : 28.12%
                          test acc/top5 : 54.69%
                          test loss : 2.23
                          time taken : 2.92 
Training complete best top1/top5: 28.12%/54.69%
client 1 updated
Client 2 Epoch [1/10]: train loss : 2.30
Client 2 Epoch [2/10]: train loss : 2.30
Client 2 Epoch [3/10]: train loss : 2.30
Client 2 Epoch [4/10]: train loss : 2.29
Client 2 Epoch [5/10]: train loss : 2.30
Linear evaluating FL model
Client 2 Epoch [5/10]:
                          learning rate : 0.001000
                          test acc/top1 : 29.69%
                          test acc/top5 : 51.56%
                          test loss : 2.23
                          time taken : 2.91 
Client 2 Epoch [6/10]: train loss : 2.29
Client 2 Epoch [7/10]: train loss : 2.29
Client 2 Epoch [8/10]: train loss : 2.29
Client 2 Epoch [9/10]: train loss : 2.29
Client 2 Epoch [10/10]: train loss : 2.29
Linear evaluating FL model
Client 2 Epoch [10/10]:
                          learning rate : 0.001000
                          test acc/top1 : 18.75%
                          test acc/top5 : 54.69%
                          test loss : 2.26
                          time taken : 2.97 
Training complete best top1/top5: 18.75%/54.69%
client 2 updated
Client 3 Epoch [1/10]: train loss : 2.29
Client 3 Epoch [2/10]: train loss : 2.29
Client 3 Epoch [3/10]: train loss : 2.29
Client 3 Epoch [4/10]: train loss : 2.29
Client 3 Epoch [5/10]: train loss : 2.30
Linear evaluating FL model
Client 3 Epoch [5/10]:
                          learning rate : 0.001000
                          test acc/top1 : 18.75%
                          test acc/top5 : 53.12%
                          test loss : 2.27
                          time taken : 2.92 
Client 3 Epoch [6/10]: train loss : 2.28
Client 3 Epoch [7/10]: train loss : 2.28
Client 3 Epoch [8/10]: train loss : 2.28
Client 3 Epoch [9/10]: train loss : 2.29
Client 3 Epoch [10/10]: train loss : 2.27
Linear evaluating FL model
Client 3 Epoch [10/10]:
                          learning rate : 0.001000
                          test acc/top1 : 15.62%
                          test acc/top5 : 56.25%
                          test loss : 2.26
                          time taken : 2.91 
Training complete best top1/top5: 15.62%/56.25%
client 3 updated
Client 4 Epoch [1/10]: train loss : 2.29
Client 4 Epoch [2/10]: train loss : 2.29
Client 4 Epoch [3/10]: train loss : 2.29
Client 4 Epoch [4/10]: train loss : 2.28
Client 4 Epoch [5/10]: train loss : 2.28
Linear evaluating FL model
Client 4 Epoch [5/10]:
                          learning rate : 0.001000
                          test acc/top1 : 15.62%
                          test acc/top5 : 51.56%
                          test loss : 2.24
                          time taken : 2.93 
Client 4 Epoch [6/10]: train loss : 2.28
Client 4 Epoch [7/10]: train loss : 2.29
Client 4 Epoch [8/10]: train loss : 2.29
Client 4 Epoch [9/10]: train loss : 2.29
Client 4 Epoch [10/10]: train loss : 2.27
Linear evaluating FL model
Client 4 Epoch [10/10]:
                          learning rate : 0.001000
                          test acc/top1 : 17.19%
                          test acc/top5 : 67.19%
                          test loss : 2.25
                          time taken : 2.92 
Training complete best top1/top5: 17.19%/67.19%
client 4 updated
missing keys []
unexp keys []
Linear evaluating FL model
missing keys []
unexp keys []
 
Avg Validation Stats after 4 global rounds:
Validation Loss : 2.24
Validation Accuracy: top1/top5 15.62%/56.25%


 | Global Training Round : 5 |

Client 0 Epoch [1/10]: train loss : 2.29
Client 0 Epoch [2/10]: train loss : 2.28
Client 0 Epoch [3/10]: train loss : 2.29
Client 0 Epoch [4/10]: train loss : 2.29
Client 0 Epoch [5/10]: train loss : 2.29
Linear evaluating FL model
Client 0 Epoch [5/10]:
                          learning rate : 0.001000
                          test acc/top1 : 17.19%
                          test acc/top5 : 62.50%
                          test loss : 2.22
                          time taken : 2.87 
Client 0 Epoch [6/10]: train loss : 2.28
Client 0 Epoch [7/10]: train loss : 2.27
Client 0 Epoch [8/10]: train loss : 2.27
Client 0 Epoch [9/10]: train loss : 2.29
Client 0 Epoch [10/10]: train loss : 2.27
Linear evaluating FL model
Client 0 Epoch [10/10]:
                          learning rate : 0.001000
                          test acc/top1 : 14.06%
                          test acc/top5 : 57.81%
                          test loss : 2.27
                          time taken : 2.85 
Training complete best top1/top5: 14.06%/57.81%
client 0 updated
Client 1 Epoch [1/10]: train loss : 2.27
Client 1 Epoch [2/10]: train loss : 2.27
Client 1 Epoch [3/10]: train loss : 2.28
Client 1 Epoch [4/10]: train loss : 2.28
Client 1 Epoch [5/10]: train loss : 2.26
Linear evaluating FL model
Client 1 Epoch [5/10]:
                          learning rate : 0.001000
                          test acc/top1 : 18.75%
                          test acc/top5 : 57.81%
                          test loss : 2.27
                          time taken : 2.87 
Client 1 Epoch [6/10]: train loss : 2.27
Client 1 Epoch [7/10]: train loss : 2.29
Client 1 Epoch [8/10]: train loss : 2.28
Client 1 Epoch [9/10]: train loss : 2.27
Client 1 Epoch [10/10]: train loss : 2.28
Linear evaluating FL model
Client 1 Epoch [10/10]:
                          learning rate : 0.001000
                          test acc/top1 : 14.06%
                          test acc/top5 : 57.81%
                          test loss : 2.26
                          time taken : 2.93 
Training complete best top1/top5: 14.06%/57.81%
client 1 updated
Client 2 Epoch [1/10]: train loss : 2.29
Client 2 Epoch [2/10]: train loss : 2.30
Client 2 Epoch [3/10]: train loss : 2.29
Client 2 Epoch [4/10]: train loss : 2.28
Client 2 Epoch [5/10]: train loss : 2.29
Linear evaluating FL model
Client 2 Epoch [5/10]:
                          learning rate : 0.001000
                          test acc/top1 : 14.06%
                          test acc/top5 : 51.56%
                          test loss : 2.28
                          time taken : 2.83 
Client 2 Epoch [6/10]: train loss : 2.29
Client 2 Epoch [7/10]: train loss : 2.30
Client 2 Epoch [8/10]: train loss : 2.29
Client 2 Epoch [9/10]: train loss : 2.28
Client 2 Epoch [10/10]: train loss : 2.29
Linear evaluating FL model
Client 2 Epoch [10/10]:
                          learning rate : 0.001000
                          test acc/top1 : 17.19%
                          test acc/top5 : 54.69%
                          test loss : 2.26
                          time taken : 2.92 
Training complete best top1/top5: 17.19%/54.69%
client 2 updated
Client 3 Epoch [1/10]: train loss : 2.29
Client 3 Epoch [2/10]: train loss : 2.30
Client 3 Epoch [3/10]: train loss : 2.27
Client 3 Epoch [4/10]: train loss : 2.29
Client 3 Epoch [5/10]: train loss : 2.27
Linear evaluating FL model
Client 3 Epoch [5/10]:
                          learning rate : 0.001000
                          test acc/top1 : 18.75%
                          test acc/top5 : 59.38%
                          test loss : 2.23
                          time taken : 2.88 
Client 3 Epoch [6/10]: train loss : 2.29
Client 3 Epoch [7/10]: train loss : 2.29
Client 3 Epoch [8/10]: train loss : 2.28
Client 3 Epoch [9/10]: train loss : 2.28
Client 3 Epoch [10/10]: train loss : 2.29
Linear evaluating FL model
Client 3 Epoch [10/10]:
                          learning rate : 0.001000
                          test acc/top1 : 15.62%
                          test acc/top5 : 59.38%
                          test loss : 2.23
                          time taken : 2.86 
Training complete best top1/top5: 15.62%/59.38%
client 3 updated
Client 4 Epoch [1/10]: train loss : 2.28
Client 4 Epoch [2/10]: train loss : 2.29
Client 4 Epoch [3/10]: train loss : 2.30
Client 4 Epoch [4/10]: train loss : 2.28
Client 4 Epoch [5/10]: train loss : 2.28
Linear evaluating FL model
Client 4 Epoch [5/10]:
                          learning rate : 0.001000
                          test acc/top1 : 17.19%
                          test acc/top5 : 59.38%
                          test loss : 2.27
                          time taken : 2.80 
Client 4 Epoch [6/10]: train loss : 2.28
Client 4 Epoch [7/10]: train loss : 2.29
Client 4 Epoch [8/10]: train loss : 2.28
Client 4 Epoch [9/10]: train loss : 2.28
Client 4 Epoch [10/10]: train loss : 2.27
Linear evaluating FL model
Client 4 Epoch [10/10]:
                          learning rate : 0.001000
                          test acc/top1 : 32.81%
                          test acc/top5 : 57.81%
                          test loss : 2.24
                          time taken : 2.91 
Training complete best top1/top5: 32.81%/57.81%
client 4 updated
missing keys []
unexp keys []
Linear evaluating FL model
missing keys []
unexp keys []
 
Avg Validation Stats after 5 global rounds:
Validation Loss : 2.26
Validation Accuracy: top1/top5 12.50%/56.25%


 | Global Training Round : 6 |

Client 0 Epoch [1/10]: train loss : 2.27
Client 0 Epoch [2/10]: train loss : 2.28
Client 0 Epoch [3/10]: train loss : 2.29
Client 0 Epoch [4/10]: train loss : 2.28
Client 0 Epoch [5/10]: train loss : 2.28
Linear evaluating FL model
Client 0 Epoch [5/10]:
                          learning rate : 0.001000
                          test acc/top1 : 1.56%
                          test acc/top5 : 53.12%
                          test loss : 2.29
                          time taken : 2.85 
Client 0 Epoch [6/10]: train loss : 2.28
Client 0 Epoch [7/10]: train loss : 2.27
Client 0 Epoch [8/10]: train loss : 2.26
Client 0 Epoch [9/10]: train loss : 2.27
Client 0 Epoch [10/10]: train loss : 2.28
Linear evaluating FL model
Client 0 Epoch [10/10]:
                          learning rate : 0.001000
                          test acc/top1 : 17.19%
                          test acc/top5 : 57.81%
                          test loss : 2.26
                          time taken : 2.90 
Training complete best top1/top5: 17.19%/57.81%
client 0 updated
Client 1 Epoch [1/10]: train loss : 2.29
Client 1 Epoch [2/10]: train loss : 2.29
Client 1 Epoch [3/10]: train loss : 2.29
Client 1 Epoch [4/10]: train loss : 2.29
Client 1 Epoch [5/10]: train loss : 2.27
Linear evaluating FL model
Client 1 Epoch [5/10]:
                          learning rate : 0.001000
                          test acc/top1 : 26.56%
                          test acc/top5 : 57.81%
                          test loss : 2.25
                          time taken : 2.84 
Client 1 Epoch [6/10]: train loss : 2.28
Client 1 Epoch [7/10]: train loss : 2.29
Client 1 Epoch [8/10]: train loss : 2.29
Client 1 Epoch [9/10]: train loss : 2.27
Client 1 Epoch [10/10]: train loss : 2.26
Linear evaluating FL model
Client 1 Epoch [10/10]:
                          learning rate : 0.001000
                          test acc/top1 : 29.69%
                          test acc/top5 : 62.50%
                          test loss : 2.22
                          time taken : 2.89 
Training complete best top1/top5: 29.69%/62.50%
client 1 updated
Client 2 Epoch [1/10]: train loss : 2.26
Client 2 Epoch [2/10]: train loss : 2.28
Client 2 Epoch [3/10]: train loss : 2.28
Client 2 Epoch [4/10]: train loss : 2.26
Client 2 Epoch [5/10]: train loss : 2.27
Linear evaluating FL model
Client 2 Epoch [5/10]:
                          learning rate : 0.001000
                          test acc/top1 : 15.62%
                          test acc/top5 : 57.81%
                          test loss : 2.24
                          time taken : 2.84 
Client 2 Epoch [6/10]: train loss : 2.28
